  Board.cpp
C:\Users\Lenovo\source\repos\D2D2048_v3\D2D2048_v3\src\Board.h(26,19): warning C4305: “初始化”: 从“double”到“float”截断
C:\Users\Lenovo\source\repos\D2D2048_v3\D2D2048_v3\src\Board.h(27,22): warning C4305: “初始化”: 从“double”到“float”截断
C:\Users\Lenovo\source\repos\D2D2048_v3\D2D2048_v3\src\Board.cpp(12,23): warning C4267: “参数”: 从“size_t”转换到“int”，可能丢失数据
C:\Users\Lenovo\source\repos\D2D2048_v3\D2D2048_v3\src\Board.cpp(13,28): warning C4267: “参数”: 从“size_t”转换到“int”，可能丢失数据
C:\Users\Lenovo\source\repos\D2D2048_v3\D2D2048_v3\src\Board.cpp(32,34): warning C4267: “参数”: 从“size_t”转换到“int”，可能丢失数据
C:\Users\Lenovo\source\repos\D2D2048_v3\D2D2048_v3\src\Board.cpp(32,26): warning C4267: “参数”: 从“size_t”转换到“int”，可能丢失数据
C:\Users\Lenovo\source\repos\D2D2048_v3\D2D2048_v3\src\Board.cpp(38,23): warning C4267: “参数”: 从“size_t”转换到“int”，可能丢失数据
C:\Users\Lenovo\source\repos\D2D2048_v3\D2D2048_v3\src\Board.cpp(39,28): warning C4267: “参数”: 从“size_t”转换到“int”，可能丢失数据
C:\Users\Lenovo\source\repos\D2D2048_v3\D2D2048_v3\src\Board.cpp(82,15): warning C4244: “初始化”: 从“float”转换到“int”，可能丢失数据
C:\Users\Lenovo\source\repos\D2D2048_v3\D2D2048_v3\src\Board.cpp(157,28): warning C4267: “参数”: 从“size_t”转换到“int”，可能丢失数据
C:\Users\Lenovo\source\repos\D2D2048_v3\D2D2048_v3\src\Board.cpp(157,25): warning C4267: “参数”: 从“size_t”转换到“int”，可能丢失数据
C:\Users\Lenovo\source\repos\D2D2048_v3\D2D2048_v3\src\Board.cpp(163,26): warning C4267: “参数”: 从“size_t”转换到“int”，可能丢失数据
C:\Users\Lenovo\source\repos\D2D2048_v3\D2D2048_v3\src\Board.cpp(163,23): warning C4267: “参数”: 从“size_t”转换到“int”，可能丢失数据
C:\Users\Lenovo\source\repos\D2D2048_v3\D2D2048_v3\src\Board.cpp(171,42): warning C4267: “参数”: 从“size_t”转换到“int”，可能丢失数据
C:\Users\Lenovo\source\repos\D2D2048_v3\D2D2048_v3\src\Board.cpp(171,39): warning C4267: “参数”: 从“size_t”转换到“int”，可能丢失数据
C:\Users\Lenovo\source\repos\D2D2048_v3\D2D2048_v3\src\Board.cpp(209,18): warning C4244: “初始化”: 从“double”转换到“float”，可能丢失数据
C:\Users\Lenovo\source\repos\D2D2048_v3\D2D2048_v3\src\Board.cpp(242,25): warning C4267: “参数”: 从“size_t”转换到“int”，可能丢失数据
C:\Users\Lenovo\source\repos\D2D2048_v3\D2D2048_v3\src\Board.cpp(242,22): warning C4267: “参数”: 从“size_t”转换到“int”，可能丢失数据
C:\Users\Lenovo\source\repos\D2D2048_v3\D2D2048_v3\src\Board.cpp(250,24): warning C4267: “参数”: 从“size_t”转换到“int”，可能丢失数据
C:\Users\Lenovo\source\repos\D2D2048_v3\D2D2048_v3\src\Board.cpp(250,21): warning C4267: “参数”: 从“size_t”转换到“int”，可能丢失数据
C:\Users\Lenovo\source\repos\D2D2048_v3\D2D2048_v3\src\Board.cpp(269,17): warning C4244: “初始化”: 从“double”转换到“float”，可能丢失数据
C:\Users\Lenovo\source\repos\D2D2048_v3\D2D2048_v3\src\Board.cpp(397,43): warning C4267: “参数”: 从“size_t”转换到“int”，可能丢失数据
C:\Users\Lenovo\source\repos\D2D2048_v3\D2D2048_v3\src\Board.cpp(397,35): warning C4267: “参数”: 从“size_t”转换到“int”，可能丢失数据
C:\Users\Lenovo\source\repos\D2D2048_v3\D2D2048_v3\src\Board.cpp(400,40): warning C4267: “参数”: 从“size_t”转换到“int”，可能丢失数据
C:\Users\Lenovo\source\repos\D2D2048_v3\D2D2048_v3\src\Board.cpp(400,32): warning C4267: “参数”: 从“size_t”转换到“int”，可能丢失数据
C:\Users\Lenovo\source\repos\D2D2048_v3\D2D2048_v3\src\Board.cpp(403,60): warning C4267: “参数”: 从“size_t”转换到“int”，可能丢失数据
C:\Users\Lenovo\source\repos\D2D2048_v3\D2D2048_v3\src\Board.cpp(403,52): warning C4267: “参数”: 从“size_t”转换到“int”，可能丢失数据
C:\Users\Lenovo\source\repos\D2D2048_v3\D2D2048_v3\src\Board.cpp(406,35): warning C4267: “参数”: 从“size_t”转换到“int”，可能丢失数据
C:\Users\Lenovo\source\repos\D2D2048_v3\D2D2048_v3\src\Board.cpp(406,27): warning C4267: “参数”: 从“size_t”转换到“int”，可能丢失数据
C:\Users\Lenovo\source\repos\D2D2048_v3\D2D2048_v3\src\Board.cpp(414,41): warning C4267: “参数”: 从“size_t”转换到“int”，可能丢失数据
C:\Users\Lenovo\source\repos\D2D2048_v3\D2D2048_v3\src\Board.cpp(414,33): warning C4267: “参数”: 从“size_t”转换到“int”，可能丢失数据
C:\Users\Lenovo\source\repos\D2D2048_v3\D2D2048_v3\src\Board.cpp(548,40): warning C4267: “参数”: 从“size_t”转换到“int”，可能丢失数据
C:\Users\Lenovo\source\repos\D2D2048_v3\D2D2048_v3\src\Board.cpp(548,32): warning C4267: “参数”: 从“size_t”转换到“int”，可能丢失数据
C:\Users\Lenovo\source\repos\D2D2048_v3\D2D2048_v3\src\Board.cpp(571,39): warning C4267: “参数”: 从“size_t”转换到“int”，可能丢失数据
C:\Users\Lenovo\source\repos\D2D2048_v3\D2D2048_v3\src\Board.cpp(571,31): warning C4267: “参数”: 从“size_t”转换到“int”，可能丢失数据
C:\Users\Lenovo\source\repos\D2D2048_v3\D2D2048_v3\src\Board.cpp(727,33): warning C4267: “参数”: 从“size_t”转换到“int”，可能丢失数据
C:\Users\Lenovo\source\repos\D2D2048_v3\D2D2048_v3\src\Board.cpp(727,25): warning C4267: “参数”: 从“size_t”转换到“int”，可能丢失数据
C:\Users\Lenovo\source\repos\D2D2048_v3\D2D2048_v3\src\Board.cpp(766,46): warning C4305: “参数”: 从“double”到“float”截断
C:\Users\Lenovo\source\repos\D2D2048_v3\D2D2048_v3\src\Board.cpp(766,34): warning C4305: “参数”: 从“double”到“float”截断
C:\Users\Lenovo\source\repos\D2D2048_v3\D2D2048_v3\src\Board.cpp(766,21): warning C4305: “参数”: 从“double”到“float”截断
C:\Users\Lenovo\source\repos\D2D2048_v3\D2D2048_v3\src\Board.cpp(767,47): warning C4305: “参数”: 从“double”到“float”截断
C:\Users\Lenovo\source\repos\D2D2048_v3\D2D2048_v3\src\Board.cpp(767,34): warning C4305: “参数”: 从“double”到“float”截断
C:\Users\Lenovo\source\repos\D2D2048_v3\D2D2048_v3\src\Board.cpp(767,21): warning C4305: “参数”: 从“double”到“float”截断
C:\Users\Lenovo\source\repos\D2D2048_v3\D2D2048_v3\src\Board.cpp(768,47): warning C4305: “参数”: 从“double”到“float”截断
C:\Users\Lenovo\source\repos\D2D2048_v3\D2D2048_v3\src\Board.cpp(768,34): warning C4305: “参数”: 从“double”到“float”截断
C:\Users\Lenovo\source\repos\D2D2048_v3\D2D2048_v3\src\Board.cpp(768,21): warning C4305: “参数”: 从“double”到“float”截断
C:\Users\Lenovo\source\repos\D2D2048_v3\D2D2048_v3\src\Board.cpp(769,47): warning C4305: “参数”: 从“double”到“float”截断
C:\Users\Lenovo\source\repos\D2D2048_v3\D2D2048_v3\src\Board.cpp(769,34): warning C4305: “参数”: 从“double”到“float”截断
C:\Users\Lenovo\source\repos\D2D2048_v3\D2D2048_v3\src\Board.cpp(769,21): warning C4305: “参数”: 从“double”到“float”截断
C:\Users\Lenovo\source\repos\D2D2048_v3\D2D2048_v3\src\Board.cpp(770,46): warning C4305: “参数”: 从“double”到“float”截断
C:\Users\Lenovo\source\repos\D2D2048_v3\D2D2048_v3\src\Board.cpp(770,34): warning C4305: “参数”: 从“double”到“float”截断
C:\Users\Lenovo\source\repos\D2D2048_v3\D2D2048_v3\src\Board.cpp(770,21): warning C4305: “参数”: 从“double”到“float”截断
C:\Users\Lenovo\source\repos\D2D2048_v3\D2D2048_v3\src\Board.cpp(771,46): warning C4305: “参数”: 从“double”到“float”截断
C:\Users\Lenovo\source\repos\D2D2048_v3\D2D2048_v3\src\Board.cpp(771,34): warning C4305: “参数”: 从“double”到“float”截断
C:\Users\Lenovo\source\repos\D2D2048_v3\D2D2048_v3\src\Board.cpp(771,21): warning C4305: “参数”: 从“double”到“float”截断
C:\Users\Lenovo\source\repos\D2D2048_v3\D2D2048_v3\src\Board.cpp(772,45): warning C4305: “参数”: 从“double”到“float”截断
C:\Users\Lenovo\source\repos\D2D2048_v3\D2D2048_v3\src\Board.cpp(772,33): warning C4305: “参数”: 从“double”到“float”截断
C:\Users\Lenovo\source\repos\D2D2048_v3\D2D2048_v3\src\Board.cpp(772,21): warning C4305: “参数”: 从“double”到“float”截断
C:\Users\Lenovo\source\repos\D2D2048_v3\D2D2048_v3\src\Board.cpp(773,47): warning C4305: “参数”: 从“double”到“float”截断
C:\Users\Lenovo\source\repos\D2D2048_v3\D2D2048_v3\src\Board.cpp(773,34): warning C4305: “参数”: 从“double”到“float”截断
C:\Users\Lenovo\source\repos\D2D2048_v3\D2D2048_v3\src\Board.cpp(773,21): warning C4305: “参数”: 从“double”到“float”截断
C:\Users\Lenovo\source\repos\D2D2048_v3\D2D2048_v3\src\Board.cpp(774,46): warning C4305: “参数”: 从“double”到“float”截断
C:\Users\Lenovo\source\repos\D2D2048_v3\D2D2048_v3\src\Board.cpp(774,34): warning C4305: “参数”: 从“double”到“float”截断
C:\Users\Lenovo\source\repos\D2D2048_v3\D2D2048_v3\src\Board.cpp(774,21): warning C4305: “参数”: 从“double”到“float”截断
C:\Users\Lenovo\source\repos\D2D2048_v3\D2D2048_v3\src\Board.cpp(775,46): warning C4305: “参数”: 从“double”到“float”截断
C:\Users\Lenovo\source\repos\D2D2048_v3\D2D2048_v3\src\Board.cpp(775,34): warning C4305: “参数”: 从“double”到“float”截断
C:\Users\Lenovo\source\repos\D2D2048_v3\D2D2048_v3\src\Board.cpp(775,21): warning C4305: “参数”: 从“double”到“float”截断
C:\Users\Lenovo\source\repos\D2D2048_v3\D2D2048_v3\src\Board.cpp(776,46): warning C4305: “参数”: 从“double”到“float”截断
C:\Users\Lenovo\source\repos\D2D2048_v3\D2D2048_v3\src\Board.cpp(776,34): warning C4305: “参数”: 从“double”到“float”截断
C:\Users\Lenovo\source\repos\D2D2048_v3\D2D2048_v3\src\Board.cpp(776,21): warning C4305: “参数”: 从“double”到“float”截断
C:\Users\Lenovo\source\repos\D2D2048_v3\D2D2048_v3\src\Board.cpp(777,46): warning C4305: “参数”: 从“double”到“float”截断
C:\Users\Lenovo\source\repos\D2D2048_v3\D2D2048_v3\src\Board.cpp(777,34): warning C4305: “参数”: 从“double”到“float”截断
C:\Users\Lenovo\source\repos\D2D2048_v3\D2D2048_v3\src\Board.cpp(777,21): warning C4305: “参数”: 从“double”到“float”截断
C:\Users\Lenovo\source\repos\D2D2048_v3\D2D2048_v3\src\Board.cpp(778,44): warning C4305: “参数”: 从“double”到“float”截断
C:\Users\Lenovo\source\repos\D2D2048_v3\D2D2048_v3\src\Board.cpp(778,32): warning C4305: “参数”: 从“double”到“float”截断
C:\Users\Lenovo\source\repos\D2D2048_v3\D2D2048_v3\src\Board.cpp(778,20): warning C4305: “参数”: 从“double”到“float”截断
C:\Users\Lenovo\source\repos\D2D2048_v3\D2D2048_v3\src\Board.cpp(797,11): warning C4244: “=”: 从“double”转换到“int”，可能丢失数据
  正在生成代码
  4 of 4310 functions (<0.1%) were compiled, the rest were copied from previous compilation.
    0 functions were new in current compilation
    4 functions had inline decision re-evaluated but remain unchanged
  已完成代码的生成
  D2D2048_v3.vcxproj -> C:\Users\Lenovo\source\repos\D2D2048_v3\x64\Release\D2D2048_v3.exe
