c:\users\lenovo\source\repos\d2d2048_v3\d2d2048_v3\x64\debug\vc143.pdb
c:\users\lenovo\source\repos\d2d2048_v3\d2d2048_v3\x64\debug\vc143.idb
c:\users\lenovo\source\repos\d2d2048_v3\d2d2048_v3\x64\debug\thread_pool.obj
c:\users\lenovo\source\repos\d2d2048_v3\d2d2048_v3\x64\debug\board.obj
c:\users\lenovo\source\repos\d2d2048_v3\d2d2048_v3\x64\debug\main.obj
c:\users\lenovo\source\repos\d2d2048_v3\d2d2048_v3\x64\debug\snow.obj
c:\users\lenovo\source\repos\d2d2048_v3\d2d2048_v3\x64\debug\gamedata.obj
c:\users\lenovo\source\repos\d2d2048_v3\d2d2048_v3\x64\debug\resource.obj
c:\users\lenovo\source\repos\d2d2048_v3\d2d2048_v3\x64\debug\render.obj
c:\users\lenovo\source\repos\d2d2048_v3\d2d2048_v3\x64\debug\logsys.obj
c:\users\lenovo\source\repos\d2d2048_v3\d2d2048_v3\x64\debug\inputkey.obj
c:\users\lenovo\source\repos\d2d2048_v3\d2d2048_v3\x64\debug\gameengine.obj
c:\users\lenovo\source\repos\d2d2048_v3\d2d2048_v3\x64\debug\clock.obj
c:\users\lenovo\source\repos\d2d2048_v3\x64\debug\d2d2048_v3.exe
c:\users\lenovo\source\repos\d2d2048_v3\d2d2048_v3\x64\debug\d2d2048_v3.ilk
c:\users\lenovo\source\repos\d2d2048_v3\x64\debug\d2d2048_v3.pdb
c:\users\lenovo\source\repos\d2d2048_v3\d2d2048_v3\x64\debug\d2d2048_v3.res
c:\users\lenovo\source\repos\d2d2048_v3\d2d2048_v3\x64\debug\d2d2048_v3.tlog\cl.command.1.tlog
c:\users\lenovo\source\repos\d2d2048_v3\d2d2048_v3\x64\debug\d2d2048_v3.tlog\cl.read.1.tlog
c:\users\lenovo\source\repos\d2d2048_v3\d2d2048_v3\x64\debug\d2d2048_v3.tlog\cl.write.1.tlog
c:\users\lenovo\source\repos\d2d2048_v3\d2d2048_v3\x64\debug\d2d2048_v3.tlog\link.command.1.tlog
c:\users\lenovo\source\repos\d2d2048_v3\d2d2048_v3\x64\debug\d2d2048_v3.tlog\link.read.1.tlog
c:\users\lenovo\source\repos\d2d2048_v3\d2d2048_v3\x64\debug\d2d2048_v3.tlog\link.write.1.tlog
c:\users\lenovo\source\repos\d2d2048_v3\d2d2048_v3\x64\debug\d2d2048_v3.tlog\rc.command.1.tlog
c:\users\lenovo\source\repos\d2d2048_v3\d2d2048_v3\x64\debug\d2d2048_v3.tlog\rc.read.1.tlog
c:\users\lenovo\source\repos\d2d2048_v3\d2d2048_v3\x64\debug\d2d2048_v3.tlog\rc.write.1.tlog
